<?xml version="1.0" encoding="UTF-8"?>
<!-- Generated by org.testng.reporters.JUnitReportReporter -->
<testsuite hostname="TestingWorld-PC" name="testcases.TC_001" tests="1" failures="0" timestamp="3 Mar 2019 05:23:46 GMT" time="33.952" errors="0">
  <testcase name="tcase1" time="33.952" classname="testcases.TC_001"/>
</testsuite> <!-- testcases.TC_001 -->
